2016-02-08 15:31:07 [INFO] [CCEmuRedux Launcher] CCEmuRedux Launcher v1.2 started on windows...
2016-02-08 15:31:07 [INFO] [CCEmuRedux Launcher] Current time is Feb 8, 2016 3:31:07 PM
2016-02-08 15:31:07 [INFO] [CCEmuRedux Launcher] Using data directory: D:\Documents\GitHub\Cloud9
2016-02-08 15:31:07 [INFO] [CCEmuRedux Launcher] System.getProperty('os.name') == 'Windows 10'
2016-02-08 15:31:07 [INFO] [CCEmuRedux Launcher] System.getProperty('os.version') == '10.0'
2016-02-08 15:31:07 [INFO] [CCEmuRedux Launcher] System.getProperty('os.arch') == 'amd64'
2016-02-08 15:31:07 [INFO] [CCEmuRedux Launcher] System.getProperty('java.version') == '1.8.0_60'
2016-02-08 15:31:07 [INFO] [CCEmuRedux Launcher] System.getProperty('java.vendor') == 'Oracle Corporation'
2016-02-08 15:31:07 [INFO] [CCEmuRedux Launcher] System.getProperty('sun.arch.data.model') == '64'
2016-02-08 15:31:16 [INFO] [CCEmuRedux Launcher] Download job 'CCEmuRedux & Libraries' started (16 threads, 11 files)
2016-02-08 15:31:16 [INFO] [CCEmuRedux Launcher] Attempting to download D:\Documents\GitHub\Cloud9\bin\jackson-annotations.jar for job 'CCEmuRedux & Libraries'... (try 0)
2016-02-08 15:31:16 [INFO] [CCEmuRedux Launcher] Attempting to download D:\Documents\GitHub\Cloud9\bin\jackson-databind.jar for job 'CCEmuRedux & Libraries'... (try 0)
2016-02-08 15:31:16 [INFO] [CCEmuRedux Launcher] Attempting to download D:\Documents\GitHub\Cloud9\bin\jackson-core.jar for job 'CCEmuRedux & Libraries'... (try 0)
2016-02-08 15:31:16 [INFO] [CCEmuRedux Launcher] Attempting to download D:\Documents\GitHub\Cloud9\bin\gdx.jar for job 'CCEmuRedux & Libraries'... (try 0)
2016-02-08 15:31:16 [INFO] [CCEmuRedux Launcher] Attempting to download D:\Documents\GitHub\Cloud9\bin\gdx-backend-lwjgl.jar for job 'CCEmuRedux & Libraries'... (try 0)
2016-02-08 15:31:16 [INFO] [CCEmuRedux Launcher] Attempting to download D:\Documents\GitHub\Cloud9\bin\computercraft.jar for job 'CCEmuRedux & Libraries'... (try 0)
2016-02-08 15:31:16 [INFO] [CCEmuRedux Launcher] Attempting to download D:\Documents\GitHub\Cloud9\bin\guava.jar for job 'CCEmuRedux & Libraries'... (try 0)
2016-02-08 15:31:16 [INFO] [CCEmuRedux Launcher] Attempting to download D:\Documents\GitHub\Cloud9\bin\gdx-platform.jar for job 'CCEmuRedux & Libraries'... (try 0)
2016-02-08 15:31:16 [INFO] [CCEmuRedux Launcher] Attempting to download D:\Documents\GitHub\Cloud9\bin\lwjgl.jar for job 'CCEmuRedux & Libraries'... (try 0)
2016-02-08 15:31:16 [INFO] [CCEmuRedux Launcher] Attempting to download D:\Documents\GitHub\Cloud9\bin\lwjgl-platform.jar for job 'CCEmuRedux & Libraries'... (try 0)
2016-02-08 15:31:16 [INFO] [CCEmuRedux Launcher] Attempting to download D:\Documents\GitHub\Cloud9\bin\ccemuredux.jar for job 'CCEmuRedux & Libraries'... (try 0)
2016-02-08 15:31:17 [INFO] [CCEmuRedux Launcher] Finished downloading D:\Documents\GitHub\Cloud9\bin\jackson-core.jar for job 'CCEmuRedux & Libraries': Used own copy as it matched etag
2016-02-08 15:31:17 [INFO] [CCEmuRedux Launcher] Finished downloading D:\Documents\GitHub\Cloud9\bin\jackson-annotations.jar for job 'CCEmuRedux & Libraries': Used own copy as it matched etag
2016-02-08 15:31:17 [INFO] [CCEmuRedux Launcher] Finished downloading D:\Documents\GitHub\Cloud9\bin\gdx.jar for job 'CCEmuRedux & Libraries': Used own copy as it matched etag
2016-02-08 15:31:17 [INFO] [CCEmuRedux Launcher] Finished downloading D:\Documents\GitHub\Cloud9\bin\computercraft.jar for job 'CCEmuRedux & Libraries': Used own copy as it matched expected checksum
2016-02-08 15:31:17 [INFO] [CCEmuRedux Launcher] Finished downloading D:\Documents\GitHub\Cloud9\bin\jackson-databind.jar for job 'CCEmuRedux & Libraries': Used own copy as it matched etag
2016-02-08 15:31:17 [INFO] [CCEmuRedux Launcher] Finished downloading D:\Documents\GitHub\Cloud9\bin\ccemuredux.jar for job 'CCEmuRedux & Libraries': Used own copy as it matched etag
2016-02-08 15:31:17 [INFO] [CCEmuRedux Launcher] Finished downloading D:\Documents\GitHub\Cloud9\bin\guava.jar for job 'CCEmuRedux & Libraries': Used own copy as it matched etag
2016-02-08 15:31:17 [INFO] [CCEmuRedux Launcher] Finished downloading D:\Documents\GitHub\Cloud9\bin\gdx-backend-lwjgl.jar for job 'CCEmuRedux & Libraries': Used own copy as it matched etag
2016-02-08 15:31:17 [INFO] [CCEmuRedux Launcher] Finished downloading D:\Documents\GitHub\Cloud9\bin\lwjgl-platform.jar for job 'CCEmuRedux & Libraries': Used own copy as it matched etag
2016-02-08 15:31:17 [INFO] [CCEmuRedux Launcher] Finished downloading D:\Documents\GitHub\Cloud9\bin\gdx-platform.jar for job 'CCEmuRedux & Libraries': Used own copy as it matched etag
2016-02-08 15:31:18 [INFO] [CCEmuRedux Launcher] Finished downloading D:\Documents\GitHub\Cloud9\bin\lwjgl.jar for job 'CCEmuRedux & Libraries': Used own copy as it matched etag
2016-02-08 15:31:18 [INFO] [CCEmuRedux Launcher] 'CCEmuRedux & Libraries' finished successfully (took 0:00:01.538)
2016-02-08 15:31:18 [FINE] [CCEmuRedux Launcher] Running C:\Program Files\Java\jre1.8.0_60\bin\javaw.exe -Xmx512M -cp D:\Documents\GitHub\Cloud9\bin\jackson-core.jar;D:\Documents\GitHub\Cloud9\bin\jackson-annotations.jar;D:\Documents\GitHub\Cloud9\bin\jackson-databind.jar;D:\Documents\GitHub\Cloud9\bin\guava.jar;D:\Documents\GitHub\Cloud9\bin\computercraft.jar;D:\Documents\GitHub\Cloud9\bin\gdx.jar;D:\Documents\GitHub\Cloud9\bin\gdx-backend-lwjgl.jar;D:\Documents\GitHub\Cloud9\bin\gdx-platform.jar;D:\Documents\GitHub\Cloud9\bin\lwjgl.jar;D:\Documents\GitHub\Cloud9\bin\lwjgl-platform.jar;D:\Documents\GitHub\Cloud9\bin\ccemuredux.jar com.xtansia.ccemu.desktop.DesktopLauncher
2016-02-08 15:31:18 [INFO] [CCEmuRedux Launcher] Emulator> Native loading is disabled.
2016-02-08 15:31:24 [INFO] [CCEmuRedux Launcher] Emulator> TickManager: Starting tick thread
2016-02-08 15:31:25 [INFO] [CCEmuRedux Launcher] Emulator> SetScreen: Changing to screen: MainMenu [MainMenuScreen]
2016-02-08 15:31:25 [INFO] [CCEmuRedux Launcher] Emulator> SetScreen: Showing new screen [MainMenuScreen]
2016-02-08 15:31:25 [INFO] [CCEmuRedux Launcher] Emulator> SetScreen: Resizing new screen to (960, 540)
2016-02-08 15:31:40 [INFO] [CCEmuRedux Launcher] Emulator> MainMenu: Click 'Local Session'
2016-02-08 15:31:40 [INFO] [CCEmuRedux Launcher] Emulator> SetScreen: Changing to screen: SelectSession [SelectSessionScreen]
2016-02-08 15:31:40 [INFO] [CCEmuRedux Launcher] Emulator> SetScreen: Hiding current screen [MainMenuScreen]
2016-02-08 15:31:40 [INFO] [CCEmuRedux Launcher] Emulator> SetScreen: Showing new screen [SelectSessionScreen]
2016-02-08 15:31:40 [INFO] [CCEmuRedux Launcher] Emulator> SetScreen: Resizing new screen to (960, 540)
2016-02-08 15:31:42 [INFO] [CCEmuRedux Launcher] Emulator> SessionSelection: Click 'Load Selected'
2016-02-08 15:31:42 [INFO] [CCEmuRedux Launcher] Emulator> SetScreen: Changing to screen: Session [SessionScreen]
2016-02-08 15:31:42 [INFO] [CCEmuRedux Launcher] Emulator> SetScreen: Hiding current screen [SelectSessionScreen]
2016-02-08 15:31:42 [INFO] [CCEmuRedux Launcher] Emulator> SetScreen: Showing new screen [SessionScreen]
2016-02-08 15:31:42 [INFO] [CCEmuRedux Launcher] Emulator> SetScreen: Resizing new screen to (960, 540)
2016-02-08 15:50:12 [INFO] [CCEmuRedux Launcher] Emulator> WARNING: Emulator tick manager can't keep up - [cycle-time: 91ms, proc-time: 0ms]
2016-02-08 15:50:13 [INFO] [CCEmuRedux Launcher] Emulator> WARNING: Emulator tick manager can't keep up - [cycle-time: 82ms, proc-time: 0ms]
2016-02-08 15:50:14 [INFO] [CCEmuRedux Launcher] Emulator> WARNING: Emulator tick manager can't keep up - [cycle-time: 94ms, proc-time: 0ms]
2016-02-08 15:54:17 [INFO] [CCEmuRedux Launcher] Emulator> WARNING: Emulator tick manager can't keep up - [cycle-time: 106ms, proc-time: 0ms]
2016-02-08 15:54:18 [INFO] [CCEmuRedux Launcher] Emulator> WARNING: Emulator tick manager can't keep up - [cycle-time: 89ms, proc-time: 0ms]
2016-02-08 15:54:19 [INFO] [CCEmuRedux Launcher] Emulator> WARNING: Emulator tick manager can't keep up - [cycle-time: 94ms, proc-time: 0ms]
2016-02-08 15:54:20 [INFO] [CCEmuRedux Launcher] Emulator> WARNING: Emulator tick manager can't keep up - [cycle-time: 88ms, proc-time: 0ms]
2016-02-08 15:54:29 [INFO] [CCEmuRedux Launcher] Emulator> WARNING: Emulator tick manager can't keep up - [cycle-time: 85ms, proc-time: 0ms]
2016-02-08 15:54:29 [INFO] [CCEmuRedux Launcher] Emulator> WARNING: Emulator tick manager can't keep up - [cycle-time: 96ms, proc-time: 0ms]
2016-02-08 16:12:33 [INFO] [CCEmuRedux Launcher] Emulator> SessionScreen: Settings
2016-02-08 16:12:57 [INFO] [CCEmuRedux Launcher] Emulator> SessionScreen: New
2016-02-08 16:13:07 [INFO] [CCEmuRedux Launcher] Emulator> WARNING: Emulator tick manager can't keep up - [cycle-time: 152ms, proc-time: 1ms]
2016-02-08 16:27:41 [INFO] [CCEmuRedux Launcher] Emulator> CCEmulator: Unloading Session
2016-02-08 16:27:41 [INFO] [CCEmuRedux Launcher] Emulator> CCEmulator: Disposing Resources
2016-02-08 16:27:41 [INFO] [CCEmuRedux Launcher] Emulator> TickManager: Ticking interrupted
2016-02-08 16:27:41 [INFO] [CCEmuRedux Launcher] Emulator process finished!
